This is pdfTeX, Version 3.1415926-2.4-1.40.13 (TeX Live 2012) (format=pdflatex 2013.4.21)  4 MAR 2014 10:50
entering extended mode
 restricted \write18 enabled.
 %&-line parsing enabled.
**warc_compression.tex
(./warc_compression.tex
LaTeX2e <2011/06/27>
Babel <v3.8m> and hyphenation patterns for english, dumylang, nohyphenation, ge
rman-x-2012-05-30, ngerman-x-2012-05-30, afrikaans, ancientgreek, ibycus, arabi
c, armenian, basque, bulgarian, catalan, pinyin, coptic, croatian, czech, danis
h, dutch, ukenglish, usenglishmax, esperanto, estonian, ethiopic, farsi, finnis
h, french, friulan, galician, german, ngerman, swissgerman, monogreek, greek, h
ungarian, icelandic, assamese, bengali, gujarati, hindi, kannada, malayalam, ma
rathi, oriya, panjabi, tamil, telugu, indonesian, interlingua, irish, italian, 
kurmanji, latin, latvian, lithuanian, mongolian, mongolianlmc, bokmal, nynorsk,
 piedmontese, polish, portuguese, romanian, romansh, russian, sanskrit, serbian
, serbianc, slovak, slovenian, spanish, swedish, turkish, turkmen, ukrainian, u
ppersorbian, welsh, loaded.
(/usr/local/texlive/2012/texmf-dist/tex/latex/base/article.cls
Document Class: article 2007/10/19 v1.4h Standard LaTeX document class
(/usr/local/texlive/2012/texmf-dist/tex/latex/base/size11.clo
File: size11.clo 2007/10/19 v1.4h Standard LaTeX file (size option)
)
\c@part=\count79
\c@section=\count80
\c@subsection=\count81
\c@subsubsection=\count82
\c@paragraph=\count83
\c@subparagraph=\count84
\c@figure=\count85
\c@table=\count86
\abovecaptionskip=\skip41
\belowcaptionskip=\skip42
\bibindent=\dimen102
)
(/usr/local/texlive/2012/texmf-dist/tex/latex/url/url.sty
\Urlmuskip=\muskip10
Package: url 2006/04/12  ver 3.3  Verb mode for urls, etc.
)
(/usr/local/texlive/2012/texmf-dist/tex/latex/graphics/graphicx.sty
Package: graphicx 1999/02/16 v1.0f Enhanced LaTeX Graphics (DPC,SPQR)

(/usr/local/texlive/2012/texmf-dist/tex/latex/graphics/keyval.sty
Package: keyval 1999/03/16 v1.13 key=value parser (DPC)
\KV@toks@=\toks14
)
(/usr/local/texlive/2012/texmf-dist/tex/latex/graphics/graphics.sty
Package: graphics 2009/02/05 v1.0o Standard LaTeX Graphics (DPC,SPQR)

(/usr/local/texlive/2012/texmf-dist/tex/latex/graphics/trig.sty
Package: trig 1999/03/16 v1.09 sin cos tan (DPC)
)
(/usr/local/texlive/2012/texmf-dist/tex/latex/latexconfig/graphics.cfg
File: graphics.cfg 2010/04/23 v1.9 graphics configuration of TeX Live
)
Package graphics Info: Driver file: pdftex.def on input line 91.

(/usr/local/texlive/2012/texmf-dist/tex/latex/pdftex-def/pdftex.def
File: pdftex.def 2011/05/27 v0.06d Graphics/color for pdfTeX

(/usr/local/texlive/2012/texmf-dist/tex/generic/oberdiek/infwarerr.sty
Package: infwarerr 2010/04/08 v1.3 Providing info/warning/error messages (HO)
)
(/usr/local/texlive/2012/texmf-dist/tex/generic/oberdiek/ltxcmds.sty
Package: ltxcmds 2011/11/09 v1.22 LaTeX kernel commands for general use (HO)
)
\Gread@gobject=\count87
))
\Gin@req@height=\dimen103
\Gin@req@width=\dimen104
)
(/usr/local/texlive/2012/texmf-dist/tex/latex/caption/caption.sty
Package: caption 2013/02/03 v3.3-65 Customizing captions (AR)

(/usr/local/texlive/2012/texmf-dist/tex/latex/caption/caption3.sty
Package: caption3 2013/02/03 v1.5-62 caption3 kernel (AR)
\captionmargin=\dimen105
\captionmargin@=\dimen106
\captionwidth=\dimen107
\caption@tempdima=\dimen108
\caption@indent=\dimen109
\caption@parindent=\dimen110
\caption@hangindent=\dimen111
)
\c@ContinuedFloat=\count88
)
(/usr/local/texlive/2012/texmf-dist/tex/latex/caption/subcaption.sty
Package: subcaption 2013/02/03 v1.1-62 Sub-captions (AR)
\c@subfigure=\count89
\c@subtable=\count90
)
(./warc_compression.aux)
\openout1 = `warc_compression.aux'.

LaTeX Font Info:    Checking defaults for OML/cmm/m/it on input line 51.
LaTeX Font Info:    ... okay on input line 51.
LaTeX Font Info:    Checking defaults for T1/cmr/m/n on input line 51.
LaTeX Font Info:    ... okay on input line 51.
LaTeX Font Info:    Checking defaults for OT1/cmr/m/n on input line 51.
LaTeX Font Info:    ... okay on input line 51.
LaTeX Font Info:    Checking defaults for OMS/cmsy/m/n on input line 51.
LaTeX Font Info:    ... okay on input line 51.
LaTeX Font Info:    Checking defaults for OMX/cmex/m/n on input line 51.
LaTeX Font Info:    ... okay on input line 51.
LaTeX Font Info:    Checking defaults for U/cmr/m/n on input line 51.
LaTeX Font Info:    ... okay on input line 51.

(/usr/local/texlive/2012/texmf-dist/tex/context/base/supp-pdf.mkii
[Loading MPS to PDF converter (version 2006.09.02).]
\scratchcounter=\count91
\scratchdimen=\dimen112
\scratchbox=\box26
\nofMPsegments=\count92
\nofMParguments=\count93
\everyMPshowfont=\toks15
\MPscratchCnt=\count94
\MPscratchDim=\dimen113
\MPnumerator=\count95
\makeMPintoPDFobject=\count96
\everyMPtoPDFconversion=\toks16
) (/usr/local/texlive/2012/texmf-dist/tex/generic/oberdiek/pdftexcmds.sty
Package: pdftexcmds 2011/11/29 v0.20 Utility functions of pdfTeX for LuaTeX (HO
)

(/usr/local/texlive/2012/texmf-dist/tex/generic/oberdiek/ifluatex.sty
Package: ifluatex 2010/03/01 v1.3 Provides the ifluatex switch (HO)
Package ifluatex Info: LuaTeX not detected.
)
(/usr/local/texlive/2012/texmf-dist/tex/generic/oberdiek/ifpdf.sty
Package: ifpdf 2011/01/30 v2.3 Provides the ifpdf switch (HO)
Package ifpdf Info: pdfTeX in PDF mode is detected.
)
Package pdftexcmds Info: LuaTeX not detected.
Package pdftexcmds Info: \pdf@primitive is available.
Package pdftexcmds Info: \pdf@ifprimitive is available.
Package pdftexcmds Info: \pdfdraftmode found.
)
(/usr/local/texlive/2012/texmf-dist/tex/latex/oberdiek/epstopdf-base.sty
Package: epstopdf-base 2010/02/09 v2.5 Base part for package epstopdf

(/usr/local/texlive/2012/texmf-dist/tex/latex/oberdiek/grfext.sty
Package: grfext 2010/08/19 v1.1 Manage graphics extensions (HO)

(/usr/local/texlive/2012/texmf-dist/tex/generic/oberdiek/kvdefinekeys.sty
Package: kvdefinekeys 2011/04/07 v1.3 Define keys (HO)
))
(/usr/local/texlive/2012/texmf-dist/tex/latex/oberdiek/kvoptions.sty
Package: kvoptions 2011/06/30 v3.11 Key value format for package options (HO)

(/usr/local/texlive/2012/texmf-dist/tex/generic/oberdiek/kvsetkeys.sty
Package: kvsetkeys 2012/04/25 v1.16 Key value parser (HO)

(/usr/local/texlive/2012/texmf-dist/tex/generic/oberdiek/etexcmds.sty
Package: etexcmds 2011/02/16 v1.5 Avoid name clashes with e-TeX commands (HO)
Package etexcmds Info: Could not find \expanded.
(etexcmds)             That can mean that you are not using pdfTeX 1.50 or
(etexcmds)             that some package has redefined \expanded.
(etexcmds)             In the latter case, load this package earlier.
)))
Package grfext Info: Graphics extension search list:
(grfext)             [.png,.pdf,.jpg,.mps,.jpeg,.jbig2,.jb2,.PNG,.PDF,.JPG,.JPE
G,.JBIG2,.JB2,.eps]
(grfext)             \AppendGraphicsExtensions on input line 452.

(/usr/local/texlive/2012/texmf-dist/tex/latex/latexconfig/epstopdf-sys.cfg
File: epstopdf-sys.cfg 2010/07/13 v1.3 Configuration of (r)epstopdf for TeX Liv
e
))
Package caption Info: Begin \AtBeginDocument code.
Package caption Info: End \AtBeginDocument code.
LaTeX Font Info:    External font `cmex10' loaded for size
(Font)              <10.95> on input line 55.
LaTeX Font Info:    External font `cmex10' loaded for size
(Font)              <8> on input line 55.
LaTeX Font Info:    External font `cmex10' loaded for size
(Font)              <6> on input line 55.
LaTeX Font Info:    External font `cmex10' loaded for size
(Font)              <9> on input line 59.
LaTeX Font Info:    External font `cmex10' loaded for size
(Font)              <5> on input line 59.

Underfull \hbox (badness 10000) in paragraph at lines 60--60
[][]$\OT1/cmtt/m/n/9 http : / / www . iso . org / iso / catalogue _ detail . ht
m ?
 []


Underfull \hbox (badness 10000) in paragraph at lines 72--72
[]\OT1/cmr/bx/n/14.4 Experiment: Gen-er-ated
 []

[1

{/usr/local/texlive/2012/texmf-var/fonts/map/pdftex/updmap/pdftex.map}]
Underfull \hbox (badness 3503) in paragraph at lines 89--90
\OT1/cmr/m/n/10.95 The data set is made up of repos-i-to-ries
 []

[2] <images/tas_compression.png, id=15, 361.35pt x 361.35pt>
File: images/tas_compression.png Graphic file (type png)

<use images/tas_compression.png>
Package pdftex.def Info: images/tas_compression.png used on input line 109.
(pdftex.def)             Requested size: 229.5pt x 229.49881pt.

<images/tas_delta.png, id=17, 361.35pt x 361.35pt>
File: images/tas_delta.png Graphic file (type png)
 <use images/tas_delta.png>
Package pdftex.def Info: images/tas_delta.png used on input line 115.
(pdftex.def)             Requested size: 229.5pt x 229.49881pt.

<images/tas_best.png, id=18, 361.35pt x 361.35pt>
File: images/tas_best.png Graphic file (type png)
 <use images/tas_best.png>
Package pdftex.def Info: images/tas_best.png used on input line 122.
(pdftex.def)             Requested size: 229.5pt x 229.49881pt.

Underfull \vbox (badness 7221) has occurred while \output is active []

 [3 <./images/tas_compression.png>]
Underfull \hbox (badness 1194) in paragraph at lines 133--133
[][]\OT1/cmr/m/n/9 e.g. $\OT1/cmtt/m/n/9 http : / / compressionratings . com / 
sort . cgi ?
 []

[4 <./images/tas_delta.png> <./images/tas_best.png>]
<images/record_type_mean_size.png, id=29, 433.62pt x 361.35pt>
File: images/record_type_mean_size.png Graphic file (type png)

<use images/record_type_mean_size.png>
Package pdftex.def Info: images/record_type_mean_size.png used on input line 13
9.
(pdftex.def)             Requested size: 229.5pt x 191.24992pt.

Underfull \hbox (badness 1931) in paragraph at lines 148--149
[]\OT1/cmr/m/n/10.95 savings in-tro-duced by com-pres-sion,
 []

<images/file_changes_per_day_first.png, id=30, 433.62pt x 361.35pt>
File: images/file_changes_per_day_first.png Graphic file (type png)

<use images/file_changes_per_day_first.png>
Package pdftex.def Info: images/file_changes_per_day_first.png used on input li
ne 162.
(pdftex.def)             Requested size: 229.5pt x 191.24992pt.

<images/file_changes_per_day_last.png, id=31, 433.62pt x 361.35pt>
File: images/file_changes_per_day_last.png Graphic file (type png)

<use images/file_changes_per_day_last.png>
Package pdftex.def Info: images/file_changes_per_day_last.png used on input lin
e 168.
(pdftex.def)             Requested size: 229.5pt x 191.24992pt.
 [5 <./images/record_type_mean_size.png> <./images/file_changes_per_day_first.p
ng>]
<images/domain_changes_per_day_first.png, id=37, 433.62pt x 361.35pt>
File: images/domain_changes_per_day_first.png Graphic file (type png)

<use images/domain_changes_per_day_first.png>
Package pdftex.def Info: images/domain_changes_per_day_first.png used on input 
line 177.
(pdftex.def)             Requested size: 229.5pt x 191.24992pt.

<images/domain_changes_per_day_last.png, id=38, 433.62pt x 361.35pt>
File: images/domain_changes_per_day_last.png Graphic file (type png)

<use images/domain_changes_per_day_last.png>
Package pdftex.def Info: images/domain_changes_per_day_last.png used on input l
ine 184.
(pdftex.def)             Requested size: 229.5pt x 191.24992pt.

Underfull \vbox (badness 3646) has occurred while \output is active []

 [6 <./images/file_changes_per_day_last.png> <./images/domain_changes_per_day_f
irst.png> <./images/domain_changes_per_day_last.png>]
<images/uris_per_domain.png, id=45, 433.62pt x 361.35pt>
File: images/uris_per_domain.png Graphic file (type png)

<use images/uris_per_domain.png>
Package pdftex.def Info: images/uris_per_domain.png used on input line 196.
(pdftex.def)             Requested size: 229.5pt x 191.24992pt.

<images/uris_per_domain_avg.png, id=46, 433.62pt x 361.35pt>
File: images/uris_per_domain_avg.png Graphic file (type png)

<use images/uris_per_domain_avg.png>
Package pdftex.def Info: images/uris_per_domain_avg.png used on input line 203.

(pdftex.def)             Requested size: 229.5pt x 191.24992pt.

Underfull \hbox (badness 10000) in paragraph at lines 211--211
[]\OT1/cmr/bx/n/14.4 Experiment: Na-tional
 []

[7 <./images/uris_per_domain.png> <./images/uris_per_domain_avg.png>]
(./warc_compression.aux) ) 
Here is how much of TeX's memory you used:
 2746 strings out of 493481
 44419 string characters out of 3140965
 104295 words of memory out of 3000000
 6040 multiletter control sequences out of 15000+200000
 8668 words of font info for 31 fonts, out of 3000000 for 9000
 957 hyphenation exceptions out of 8191
 38i,7n,38p,2353b,261s stack positions out of 5000i,500n,10000p,200000b,50000s
</usr/local/texlive/2012/texmf-dist/fonts/type1/publi
c/amsfonts/cm/cmbx12.pfb></usr/local/texlive/2012/texmf-dist/fonts/type1/public
/amsfonts/cm/cmmi10.pfb></usr/local/texlive/2012/texmf-dist/fonts/type1/public/
amsfonts/cm/cmr10.pfb></usr/local/texlive/2012/texmf-dist/fonts/type1/public/am
sfonts/cm/cmr6.pfb></usr/local/texlive/2012/texmf-dist/fonts/type1/public/amsfo
nts/cm/cmr8.pfb></usr/local/texlive/2012/texmf-dist/fonts/type1/public/amsfonts
/cm/cmr9.pfb></usr/local/texlive/2012/texmf-dist/fonts/type1/public/amsfonts/cm
/cmtt9.pfb>
Output written on warc_compression.pdf (7 pages, 260438 bytes).
PDF statistics:
 77 PDF objects out of 1000 (max. 8388607)
 40 compressed objects within 1 object stream
 0 named destinations out of 1000 (max. 500000)
 51 words of extra memory for PDF output out of 10000 (max. 10000000)

